<?xml version="1.0" encoding="UTF-8"?>
<!-- Generated by org.testng.reporters.JUnitReportReporter -->
<testsuite hostname="bartosz-OptiPlex-7020" failures="0" tests="2" name="com.OX.app.LanguageTest" time="0.008" errors="0" timestamp="21 Mar 2019 16:55:46 GMT" skipped="0">
  <testcase classname="com.OX.app.LanguageTest" name="testLanguageChange" time="0.008"/>
  <testcase classname="com.OX.app.LanguageTest" name="testLanguageChangeTwice" time="0.000"/>
</testsuite> <!-- com.OX.app.LanguageTest -->
