<?xml version="1.0" encoding="UTF-8"?>
<!-- Generated by org.testng.reporters.JUnitReportReporter -->
<testsuite hostname="bartosz-OptiPlex-7020" failures="0" tests="14" name="com.OX.app.MoveTest" time="0.001" errors="0" timestamp="21 Mar 2019 16:55:46 GMT" skipped="0">
  <testcase classname="com.OX.app.MoveTest" name="testIfMoveCantBeDoneIfFieldIsAlreadyWritten" time="0.000"/>
  <testcase classname="com.OX.app.MoveTest" name="testIfICanTakeAMoveWithDifferentSigns" time="0.001"/>
  <testcase classname="com.OX.app.MoveTest" name="testIfMoveCantBeDoneIfFieldIsAlreadyWritten" time="0.000"/>
  <testcase classname="com.OX.app.MoveTest" name="testArrayOfTheBoundException" time="0.000"/>
  <testcase classname="com.OX.app.MoveTest" name="testIfMoveIsDone" time="0.000"/>
  <testcase classname="com.OX.app.MoveTest" name="testArrayOfTheBoundException" time="0.000"/>
  <testcase classname="com.OX.app.MoveTest" name="testIfMoveCantBeDoneIfFieldIsAlreadyWritten" time="0.000"/>
  <testcase classname="com.OX.app.MoveTest" name="testIfMoveCantBeDoneIfFieldIsAlreadyWritten" time="0.000"/>
  <testcase classname="com.OX.app.MoveTest" name="testIfMoveCantBeDoneIfFieldIsAlreadyWritten" time="0.000"/>
  <testcase classname="com.OX.app.MoveTest" name="testIfMoveCantBeDoneIfFieldIsAlreadyWritten" time="0.000"/>
  <testcase classname="com.OX.app.MoveTest" name="testIfMoveCantBeDoneIfFieldIsAlreadyWritten" time="0.000"/>
  <testcase classname="com.OX.app.MoveTest" name="testIfMoveCantBeDoneIfFieldIsAlreadyWritten" time="0.000"/>
  <testcase classname="com.OX.app.MoveTest" name="testIfMoveCantBeDoneIfFieldIsAlreadyWritten" time="0.000"/>
  <testcase classname="com.OX.app.MoveTest" name="testArrayOfTheBoundException" time="0.000"/>
</testsuite> <!-- com.OX.app.MoveTest -->
