<?xml version="1.0" encoding="UTF-8"?>
<!-- Generated by org.testng.reporters.JUnitReportReporter -->
<testsuite hostname="bartosz-OptiPlex-7020" failures="0" tests="4" name="com.OX.app.GameTest" time="0.059" errors="0" timestamp="21 Mar 2019 16:55:46 GMT" skipped="0">
  <testcase classname="com.OX.app.GameTest" name="endToEndTestTie" time="0.032"/>
  <testcase classname="com.OX.app.GameTest" name="endToEndTestWinReverseDiagonal" time="0.010"/>
  <testcase classname="com.OX.app.GameTest" name="endToEndTestWinHorizontal" time="0.009"/>
  <testcase classname="com.OX.app.GameTest" name="endToEndTestWinDiagonal" time="0.008"/>
</testsuite> <!-- com.OX.app.GameTest -->
