<?xml version="1.0" encoding="UTF-8"?>
<!-- Generated by org.testng.reporters.JUnitReportReporter -->
<testsuite hostname="bartosz-OptiPlex-7020" failures="0" tests="4" name="com.OX.app.GameCompetitorsTest" time="0.001" errors="0" timestamp="21 Mar 2019 16:55:46 GMT" skipped="0">
  <testcase classname="com.OX.app.GameCompetitorsTest" name="testConstructorWithList" time="0.000"/>
  <testcase classname="com.OX.app.GameCompetitorsTest" name="testTooManyPlayersException" time="0.001"/>
  <testcase classname="com.OX.app.GameCompetitorsTest" name="testNoSuchAPlayerException" time="0.000"/>
  <testcase classname="com.OX.app.GameCompetitorsTest" name="testDefaultConstructor" time="0.000"/>
</testsuite> <!-- com.OX.app.GameCompetitorsTest -->
