<?xml version="1.0" encoding="UTF-8"?>
<!-- Generated by org.testng.reporters.JUnitReportReporter -->
<testsuite hostname="bartosz-OptiPlex-7020" failures="0" tests="24" name="com.OX.app.WinningTest" time="0.004" errors="0" timestamp="21 Mar 2019 16:55:46 GMT" skipped="0">
  <testcase classname="com.OX.app.WinningTest" name="testWinningDiagonalScenario" time="0.000"/>
  <testcase classname="com.OX.app.WinningTest" name="testIfWinningCheckerIsWorkingHorizontalInBothWays" time="0.000"/>
  <testcase classname="com.OX.app.WinningTest" name="testIfWinningCheckerIsWorkingHorizontalInBestScenario" time="0.000"/>
  <testcase classname="com.OX.app.WinningTest" name="testIfWinningCheckerIsWorkingHorizontalInBothWays" time="0.000"/>
  <testcase classname="com.OX.app.WinningTest" name="testIfWinningCheckerIsNotWorkingHorizontalInBestScenario" time="0.001"/>
  <testcase classname="com.OX.app.WinningTest" name="testIfWinningCheckerIsWorkingVerticalInBothWays" time="0.000"/>
  <testcase classname="com.OX.app.WinningTest" name="testIfWinningCheckerIsWorkingVerticalInBothWays" time="0.001"/>
  <testcase classname="com.OX.app.WinningTest" name="testIfWinningCheckerIsWorkingHorizontalInBestScenario" time="0.000"/>
  <testcase classname="com.OX.app.WinningTest" name="testIfWinningCheckerIsNotWorkingHorizontalInBestScenario" time="0.000"/>
  <testcase classname="com.OX.app.WinningTest" name="testWinningReverseDiagonalScenario" time="0.000"/>
  <testcase classname="com.OX.app.WinningTest" name="testIfWinningCheckerIsWorkingHorizontalInBothWays" time="0.000"/>
  <testcase classname="com.OX.app.WinningTest" name="testIfWinningCheckerIsWorkingHorizontalInBestScenario" time="0.000"/>
  <testcase classname="com.OX.app.WinningTest" name="testIfWinningCheckerIsWorkingHorizontalInBothWays" time="0.001"/>
  <testcase classname="com.OX.app.WinningTest" name="testIfWinningCheckerIsWorkingHorizontalInBothWays" time="0.000"/>
  <testcase classname="com.OX.app.WinningTest" name="testWinningDiagonalScenario" time="0.000"/>
  <testcase classname="com.OX.app.WinningTest" name="testIfWinningCheckerIsWorkingVerticalInBothWays" time="0.000"/>
  <testcase classname="com.OX.app.WinningTest" name="testWinningDiagonalScenario" time="0.000"/>
  <testcase classname="com.OX.app.WinningTest" name="testIfWinningCheckerIsWorkingHorizontalInBestScenario" time="0.001"/>
  <testcase classname="com.OX.app.WinningTest" name="testIfWinningCheckerIsWorkingHorizontalInBothWays" time="0.000"/>
  <testcase classname="com.OX.app.WinningTest" name="testWinningDiagonalScenario" time="0.000"/>
  <testcase classname="com.OX.app.WinningTest" name="testIfWinningCheckerIsWorkingVerticalInBothWays" time="0.000"/>
  <testcase classname="com.OX.app.WinningTest" name="testIfWinningCheckerIsWorkingVerticalInBothWays" time="0.000"/>
  <testcase classname="com.OX.app.WinningTest" name="testIfWinningCheckerIsWorkingHorizontalInBestScenario" time="0.000"/>
  <testcase classname="com.OX.app.WinningTest" name="testIfWinningCheckerIsWorkingHorizontalInBestScenario" time="0.000"/>
</testsuite> <!-- com.OX.app.WinningTest -->
