<?xml version="1.0" encoding="UTF-8"?>
<!-- Generated by org.testng.reporters.JUnitReportReporter -->
<testsuite hostname="bartosz-OptiPlex-7020" failures="0" tests="2" name="com.OX.app.SignTest" time="0.000" errors="0" timestamp="21 Mar 2019 16:55:46 GMT" skipped="0">
  <testcase classname="com.OX.app.SignTest" name="testSignNoEquality" time="0.000"/>
  <testcase classname="com.OX.app.SignTest" name="testSignEquality" time="0.000"/>
</testsuite> <!-- com.OX.app.SignTest -->
