<?xml version="1.0" encoding="UTF-8"?>
<!-- Generated by org.testng.reporters.JUnitReportReporter -->
<testsuite hostname="bartosz-OptiPlex-7020" failures="0" tests="1" name="com.OX.app.CoordinatesTest" time="0.000" errors="0" timestamp="21 Mar 2019 16:55:46 GMT" skipped="0">
  <testcase classname="com.OX.app.CoordinatesTest" name="createCoordinates" time="0.000"/>
</testsuite> <!-- com.OX.app.CoordinatesTest -->
