<?xml version="1.0" encoding="UTF-8"?>
<!-- Generated by org.testng.reporters.JUnitReportReporter -->
<testsuite hostname="bartosz-OptiPlex-7020" failures="0" tests="11" name="com.OX.app.BoardTest" time="0.001" errors="0" timestamp="21 Mar 2019 16:55:46 GMT" skipped="0">
  <testcase classname="com.OX.app.BoardTest" name="testOfCreationTheBoardByBoardCreator" time="0.000"/>
  <testcase classname="com.OX.app.BoardTest" name="testPrintBoard" time="0.001"/>
  <testcase classname="com.OX.app.BoardTest" name="testOfCreationTheBoardByBoardCreator" time="0.000"/>
  <testcase classname="com.OX.app.BoardTest" name="testOfCreationTheBoardByBoardCreator" time="0.000"/>
  <testcase classname="com.OX.app.BoardTest" name="testOfCreationTheBoardByBoardCreator" time="0.000"/>
  <testcase classname="com.OX.app.BoardTest" name="testOfBoardCreation" time="0.000"/>
  <testcase classname="com.OX.app.BoardTest" name="testOfCreationTheBoardByBoardCreator" time="0.000"/>
  <testcase classname="com.OX.app.BoardTest" name="testOfCreationTheBoardByBoardCreator" time="0.000"/>
  <testcase classname="com.OX.app.BoardTest" name="testOfCreationTheBoardByBoardCreator" time="0.000"/>
  <testcase classname="com.OX.app.BoardTest" name="testOfCreationTheBoardByBoardCreator" time="0.000"/>
  <testcase classname="com.OX.app.BoardTest" name="testOfCreationTheBoardByBoardCreator" time="0.000"/>
</testsuite> <!-- com.OX.app.BoardTest -->
